android/app/build/outputs/mapping/release/seeds.txt
com.fyre.MainApplication: MainApplication()
com.fyre.MainActivity
com.fyre.MainApplication
com.fyre.MainActivity: MainActivity()
...
com.horcrux.svg.RNSVGRenderableManager: RNSVGRenderableManager(com.facebook.react.bridge.ReactApplicationContext)
com.facebook.fbreact.specs.NativeVibrationSpec: NativeVibrationSpec(com.facebook.react.bridge.ReactApplicationContext)
com.google.android.material.chip.Chip: void setCloseIconSize(float)
androidx.appcompat.widget.AppCompatAutoCompleteTextView: void setSupportBackgroundTintMode(android.graphics.PorterDuff$Mode)
com.facebook.react.modules.image.ImageLoaderModule: void getSize(java.lang.String,com.facebook.react.bridge.Promise)
com.google.zxing.BarcodeFormat: com.google.zxing.BarcodeFormat[] values()
com.google.android.material.card.MaterialCardView: int getContentPaddingLeft()
com.facebook.react.bridge.JsonWriterHelper$1: int[] $SwitchMap$com$facebook$react$bridge$ReadableType
okhttp3.internal.huc.OkHttpURLConnection
okhttp3.internal.http2.Http2Connection$PingRunnable: boolean reply
androidx.recyclerview.widget.RecyclerView: void setRecyclerListener(androidx.recyclerview.widget.RecyclerView$RecyclerListener)
okhttp3.internal.http2.Http2Stream: void writeHeaders(java.util.List,boolean)
com.swmansion.rnscreens.Screen
com.facebook.react.uimanager.LayoutShadowNode: void setFlexWrap(java.lang.String)
com.google.android.material.datepicker.DateValidatorPointForward: android.os.Parcelable$Creator CREATOR
okhttp3.internal.ws.WebSocketReader: void processNextFrame()
com.lwansbrough.RCTCamera.RCTCameraModule: java.io.File getOutputCameraRollFile(int)
okhttp3.ConnectionSpec$Builder: okhttp3.ConnectionSpec$Builder cipherSuites(okhttp3.CipherSuite[])
okhttp3.internal.huc.OkHttpURLConnection: okhttp3.Headers responseHeaders
com.facebook.jni.DestructorThread$1: DestructorThread$1(java.lang.String)
com.horcrux.svg.TSpanView: void setContent(java.lang.String)
com.reactnativecommunity.asyncstorage.AsyncStorageModule: AsyncStorageModule(com.facebook.react.bridge.ReactApplicationContext)
com.facebook.react.modules.appstate.AppStateModule: com.facebook.react.bridge.WritableMap createAppStateEventMap()
com.facebook.react.modules.image.ImageLoaderModule: void onHostPause()
okhttp3.internal.http2.Http2Connection: java.util.concurrent.ExecutorService listenerExecutor
androidx.swiperefreshlayout.widget.SwipeRefreshLayout: void setSlingshotDistance(int)
okhttp3.internal.cache.DiskLruCache: java.lang.String VERSION_1
okhttp3.ResponseBody: ResponseBody()
com.facebook.react.bridge.CatalystInstanceImpl: void loadScriptFromAssets(android.content.res.AssetManager,java.lang.String,boolean)
androidx.recyclerview.widget.RecyclerView: boolean mDispatchItemsChangedEvent
com.swmansion.rnscreens.SearchBarManager: SearchBarManager()
okhttp3.internal.connection.RealConnection: void connectTls(okhttp3.internal.connection.ConnectionSpecSelector)
com.google.android.material.button.MaterialButton: android.graphics.PorterDuff$Mode getIconTintMode()
com.facebook.react.views.scroll.ReactScrollView
com.facebook.react.uimanager.ViewGroupManager: void setViewZIndex(android.view.View,int)
okhttp3.Response$Builder: okhttp3.Response$Builder priorResponse(okhttp3.Response)
com.facebook.react.bridge.ReactMarkerConstants: com.facebook.react.bridge.ReactMarkerConstants GET_REACT_INSTANCE_HOLDER_SPEC_END
okhttp3.internal.huc.OkHttpURLConnection$UnexpectedException$1
okhttp3.internal.ws.RealWebSocket: boolean close(int,java.lang.String)
com.facebook.react.bridge.ReactContext$1
okhttp3.JavaNetCookieJar: java.net.CookieHandler cookieHandler
com.google.mlkit.vision.face.internal.FaceRegistrar: FaceRegistrar()
androidx.recyclerview.widget.RecyclerView: void clearOnChildAttachStateChangeListeners()
okhttp3.RequestBody: okhttp3.RequestBody create(okhttp3.MediaType,okio.ByteString)
com.facebook.react.uimanager.UIManagerModule: UIManagerModule(com.facebook.react.bridge.ReactApplicationContext,java.util.List,int)
com.horcrux.svg.RenderableViewManager$MarkerManager: void setMarkerHeight(com.horcrux.svg.MarkerView,com.facebook.react.bridge.Dynamic)