android/app/build/outputs/mapping/release/mapping.txt
# compiler: R8
# compiler_version: 2.1.62
# min_api: 21
# pg_map_id: 8476f6c
# common_typos_disable
com.fyre.MainActivity -> com.fyre.MainActivity:
    java.lang.String getMainComponentName() -> L
com.fyre.MainApplication -> com.fyre.MainApplication:
    com.facebook.react.ReactNativeHost mReactNativeHost -> b
    com.facebook.react.ReactNativeHost getReactNativeHost() -> a
    void initializeFlipper(android.content.Context,com.facebook.react.ReactInstanceManager) -> b
com.fyre.MainApplication$1 -> com.fyre.MainApplication$a:
    java.lang.String getJSMainModuleName() -> e
    java.util.List getPackages() -> g
    boolean getUseDeveloperSupport() -> k
...
com.google.firebase.components.CycleDetector$1 -> d.d.b.a.n$a:
com.google.firebase.components.CycleDetector$ComponentNode -> d.d.b.a.n$b:
    java.util.Set dependents -> c
    com.google.firebase.components.Component component -> a
    java.util.Set dependencies -> b
    void addDependency(com.google.firebase.components.CycleDetector$ComponentNode) -> a
    void addDependent(com.google.firebase.components.CycleDetector$ComponentNode) -> b
    com.google.firebase.components.Component getComponent() -> c
    java.util.Set getDependencies() -> d
    boolean isLeaf() -> e
    boolean isRoot() -> f
    void removeDependent(com.google.firebase.components.CycleDetector$ComponentNode) -> g
com.google.firebase.components.CycleDetector$Dep -> d.d.b.a.n$c:
    java.lang.Class anInterface -> a
    boolean set -> b
    boolean access$100(com.google.firebase.components.CycleDetector$Dep) -> a
com.google.firebase.components.Dependency -> d.d.b.a.o:
    int type -> b
    java.lang.Class anInterface -> a
    int injection -> c
    java.lang.String describeInjection(int) -> a
    java.lang.Class getInterface() -> b
    boolean isDeferred() -> c
    boolean isDirectInjection() -> d
    boolean isRequired() -> e
    boolean isSet() -> f
    com.google.firebase.components.Dependency required(java.lang.Class) -> g
    com.google.firebase.components.Dependency requiredProvider(java.lang.Class) -> h
    com.google.firebase.components.Dependency setOf(java.lang.Class) -> i
com.google.firebase.components.DependencyCycleException -> d.d.b.a.p:
com.google.firebase.components.DependencyException -> d.d.b.a.q:
com.google.firebase.components.EventBus -> d.d.b.a.s:
    java.util.Map handlerMap -> a
    java.util.Queue pendingEvents -> b
    void enablePublishingAndFlushPending() -> a
    java.util.Set getHandlers(com.google.firebase.events.Event) -> b
    void lambda$publish$0(java.util.Map$Entry,com.google.firebase.events.Event) -> c
    void publish(com.google.firebase.events.Event) -> d
com.google.firebase.components.EventBus$$Lambda$1 -> d.d.b.a.r:
    java.util.Map$Entry arg$1 -> b
    com.google.firebase.events.Event arg$2 -> c
    java.lang.Runnable lambdaFactory$(java.util.Map$Entry,com.google.firebase.events.Event) -> a
com.google.firebase.components.InvalidRegistrarException -> d.d.b.a.t:
com.google.firebase.components.Lazy -> d.d.b.a.u:
    com.google.firebase.inject.Provider provider -> b
    java.lang.Object UNINITIALIZED -> c
    java.lang.Object instance -> a
com.google.firebase.components.LazySet -> d.d.b.a.v:
    java.util.Set providers -> a
    java.util.Set actualSet -> b
    void add(com.google.firebase.inject.Provider) -> a
    com.google.firebase.components.LazySet fromCollection(java.util.Collection) -> b
    java.util.Set get() -> c
    void updateSet() -> d
com.google.firebase.components.MissingDependencyException -> d.d.b.a.w:
com.google.firebase.components.OptionalProvider -> d.d.b.a.z:
    com.google.firebase.inject.Provider EMPTY_PROVIDER -> d
    com.google.firebase.inject.Provider delegate -> b
    com.google.firebase.inject.Deferred$DeferredHandler handler -> a
    com.google.firebase.inject.Deferred$DeferredHandler NOOP_HANDLER -> c
    com.google.firebase.components.OptionalProvider empty() -> a
    void lambda$static$0(com.google.firebase.inject.Provider) -> b
    java.lang.Object lambda$static$1() -> c
    void set(com.google.firebase.inject.Provider) -> d
com.google.firebase.components.OptionalProvider$$Lambda$4 -> d.d.b.a.x:
    com.google.firebase.components.OptionalProvider$$Lambda$4 instance -> a
    void handle(com.google.firebase.inject.Provider) -> a
    com.google.firebase.inject.Deferred$DeferredHandler lambdaFactory$() -> b
com.google.firebase.components.OptionalProvider$$Lambda$5 -> d.d.b.a.y:
    com.google.firebase.components.OptionalProvider$$Lambda$5 instance -> a
    com.google.firebase.inject.Provider lambdaFactory$() -> a