android/app/build/outputs/mapping/release/usage.txt
com.fyre.R$id
com.fyre.R$xml
com.fyre.R$layout
com.fyre.R$drawable
com.fyre.R$bool
com.fyre.R$interpolator
com.fyre.R$animator
com.fyre.R
com.fyre.R$attr
com.fyre.BuildConfig
com.fyre.R$plurals
com.fyre.R$raw
com.fyre.R$style
com.fyre.R$mipmap
com.fyre.R$color
com.fyre.R$styleable
com.fyre.R$string
com.fyre.R$dimen
com.fyre.R$anim
com.fyre.R$integer
com.fyre.MainApplication$1:
    final synthetic com.fyre.MainApplication this$0
...
kotlin.collections.ArraysKt___ArraysJvmKt$asList$1
android.support.v4.media.MediaBrowserCompat$MediaBrowserImplBase$1
kotlin.StandardKt
com.facebook.infer.annotation.SuppressFieldNotNullable
androidx.viewpager2.adapter.FragmentStateAdapter$2:
    void <init>(androidx.viewpager2.adapter.FragmentStateAdapter,androidx.viewpager2.adapter.FragmentViewHolder)
androidx.core.app.NotificationCompat$GroupAlertBehavior
androidx.appcompat.widget.AppCompatSpinner:
    public void <init>(android.content.Context)
    private static final int MAX_ITEMS_MEASURED
    private static final java.lang.String TAG
    private static final int MODE_DIALOG
    private static final int MODE_DROPDOWN
    private static final int MODE_THEME
com.facebook.react.uimanager.FabricViewStateManager:
    private static final java.lang.String TAG
kotlin.jvm.JvmSynthetic
com.google.android.gms.tasks.zzj:
    public final void zzb()
android.support.v4.media.session.MediaSessionCompat$Callback
kotlin.reflect.KMutableProperty1
kotlin.io.ConstantsKt
com.facebook.common.util.TriState:
    public static com.facebook.common.util.TriState valueOf(java.lang.Boolean)
    public static com.facebook.common.util.TriState fromDbValue(int)
    public boolean isSet()
    public boolean asBoolean()
    public boolean asBoolean(boolean)
    public java.lang.Boolean asBooleanObject()
    public int getDbValue()
com.facebook.infer.annotation.SynchronizedCollection
androidx.core.view.ViewCompat$1:
    public androidx.core.view.ContentInfoCompat onReceiveContent(androidx.core.view.ContentInfoCompat)
androidx.media.app.NotificationCompat$MediaStyle
kotlin.time.Duration$Companion
com.google.zxing.pdf417.PDF417Reader:
    public com.google.zxing.Result decode(com.google.zxing.BinaryBitmap)
    public com.google.zxing.Result[] decodeMultiple(com.google.zxing.BinaryBitmap)
    public com.google.zxing.Result[] decodeMultiple(com.google.zxing.BinaryBitmap,java.util.Map)
com.adobe.xmp.impl.Utils:
    private void <init>()
    static boolean isInternalProperty(java.lang.String,java.lang.String)
    public static java.lang.String escapeXML(java.lang.String,boolean,boolean)
    static java.lang.String removeControlChars(java.lang.String)
    public static final int UUID_SEGMENT_COUNT
    public static final int UUID_LENGTH
com.google.android.gms.common.internal.zzad
com.google.mlkit.common.sdkinternal.model.zza
com.facebook.imagepipeline.core.ImagePipelineFactory:
    public static void setInstance(com.facebook.imagepipeline.core.ImagePipelineFactory)
    public static synchronized boolean hasBeenInitialized()
    public static synchronized void shutDown()
com.google.mlkit.common.MlKitException:
    public static final int CANCELLED
    public static final int UNKNOWN
    public static final int INVALID_ARGUMENT
    public static final int DEADLINE_EXCEEDED
    public static final int NOT_FOUND
    public static final int ALREADY_EXISTS
    public static final int PERMISSION_DENIED
    public static final int RESOURCE_EXHAUSTED
    public static final int FAILED_PRECONDITION
    public static final int ABORTED
    public static final int OUT_OF_RANGE
    public static final int UNIMPLEMENTED
    public static final int INTERNAL
    public static final int UNAVAILABLE
    public static final int DATA_LOSS
    public static final int UNAUTHENTICATED
    public static final int NETWORK_ISSUE
    public static final int MODEL_INCOMPATIBLE_WITH_TFLITE
    public static final int NOT_ENOUGH_SPACE
    public static final int MODEL_HASH_MISMATCH